#
# A fatal error has been detected by the Java Runtime Environment:
#
#  EXCEPTION_ACCESS_VIOLATION (0xc0000005) at pc=0x00007ff9c1deb5c6, pid=21708, tid=8128
#
# JRE version: OpenJDK Runtime Environment Temurin-21.0.4+7 (21.0.4+7) (build 21.0.4+7-LTS)
# Java VM: OpenJDK 64-Bit Server VM Temurin-21.0.4+7 (21.0.4+7-LTS, mixed mode, sharing, tiered, compressed oops, compressed class ptrs, g1 gc, windows-amd64)
# Problematic frame:
# C  [awt.dll+0xdb5c6]
#
# No core dump will be written. Minidumps are not enabled by default on client versions of Windows
#
# If you would like to submit a bug report, please visit:
#   https://github.com/adoptium/adoptium-support/issues
# The crash happened outside the Java Virtual Machine in native code.
# See problematic frame for where to report the bug.
#

---------------  S U M M A R Y ------------

Command Line: -ea -agentlib:jdwp=transport=dt_shmem,address=javadebug -Dfile.encoding=UTF-8 bluej.runtime.ExecServer UTF-8

Host: AMD Ryzen 5 3600 6-Core Processor              , 12 cores, 15G,  Windows 11 , 64 bit Build 26100 (10.0.26100.1882)
Time: Thu Oct 24 21:10:53 2024 Hora oficial do Brasil elapsed time: 28587.931557 seconds (0d 7h 56m 27s)

---------------  T H R E A D  ---------------

Current thread (0x000001b7708ac330):  JavaThread "AWT-EventQueue-0"        [_thread_in_native, id=8128, stack(0x0000009e10c00000,0x0000009e10d00000) (1024K)]

Stack: [0x0000009e10c00000,0x0000009e10d00000],  sp=0x0000009e10cfed50,  free space=1019k
Native frames: (J=compiled Java code, j=interpreted, Vv=VM code, C=native code)
C  [awt.dll+0xdb5c6]

Java frames: (J=compiled Java code, j=interpreted, Vv=VM code)
j  sun.awt.Win32GraphicsDevice.initNativeScale(I)V+0 java.desktop@21.0.4
j  sun.awt.Win32GraphicsDevice.initScaleFactors()V+60 java.desktop@21.0.4
j  sun.awt.Win32GraphicsDevice.displayChanged()V+16 java.desktop@21.0.4
j  sun.awt.Win32GraphicsEnvironment.displayChanged()V+271 java.desktop@21.0.4
j  sun.awt.windows.WToolkit.lambda$displayChanged$4()V+15 java.desktop@21.0.4
j  sun.awt.windows.WToolkit$$Lambda+0x000001b701075b90.run()V+0 java.desktop@21.0.4
j  java.awt.event.InvocationEvent.dispatch()V+47 java.desktop@21.0.4
j  java.awt.EventQueue.dispatchEventImpl(Ljava/awt/AWTEvent;Ljava/lang/Object;)V+21 java.desktop@21.0.4
j  java.awt.EventQueue$4.run()Ljava/lang/Void;+32 java.desktop@21.0.4
j  java.awt.EventQueue$4.run()Ljava/lang/Object;+1 java.desktop@21.0.4
j  java.security.AccessController.executePrivileged(Ljava/security/PrivilegedAction;Ljava/security/AccessControlContext;Ljava/lang/Class;)Ljava/lang/Object;+29 java.base@21.0.4
j  java.security.AccessController.doPrivileged(Ljava/security/PrivilegedAction;Ljava/security/AccessControlContext;)Ljava/lang/Object;+13 java.base@21.0.4
j  java.security.ProtectionDomain$JavaSecurityAccessImpl.doIntersectionPrivilege(Ljava/security/PrivilegedAction;Ljava/security/AccessControlContext;Ljava/security/AccessControlContext;)Ljava/lang/Object;+18 java.base@21.0.4
j  java.awt.EventQueue.dispatchEvent(Ljava/awt/AWTEvent;)V+46 java.desktop@21.0.4
j  java.awt.EventDispatchThread.pumpOneEventForFilters(I)V+81 java.desktop@21.0.4
j  java.awt.EventDispatchThread.pumpEventsForFilter(ILjava/awt/Conditional;Ljava/awt/EventFilter;)V+35 java.desktop@21.0.4
j  java.awt.EventDispatchThread.pumpEventsForHierarchy(ILjava/awt/Conditional;Ljava/awt/Component;)V+11 java.desktop@21.0.4
j  java.awt.EventDispatchThread.pumpEvents(ILjava/awt/Conditional;)V+4 java.desktop@21.0.4
j  java.awt.EventDispatchThread.pumpEvents(Ljava/awt/Conditional;)V+3 java.desktop@21.0.4
j  java.awt.EventDispatchThread.run()V+9 java.desktop@21.0.4
v  ~StubRoutines::call_stub 0x000001b75a73100d

siginfo: EXCEPTION_ACCESS_VIOLATION (0xc0000005), reading address 0x000000010000004e


Registers:
RAX=0x00000000fffffffe, RBX=0x000001b76fbf1660, RCX=0x00000000fffffffe, RDX=0x0000000000000000
RSP=0x0000009e10cfed50, RBP=0x0000009e10cfee30, RSI=0x0000000000000000, RDI=0x0000000000000000
R8 =0x0000000000000001, R9 =0x0000009e0e670000, R10=0x000001b75a740787, R11=0x0000000000000100
R12=0x0000000000000000, R13=0x000001b76b2b90f8, R14=0x0000009e10cfee58, R15=0x000001b7708ac330
RIP=0x00007ff9c1deb5c6, EFLAGS=0x0000000000010206


Register to memory mapping:

RAX=0x00000000fffffffe is an unknown value
RBX=0x000001b76fbf1660 points into unknown readable memory: 0x000001b76f6d20f0 | f0 20 6d 6f b7 01 00 00
RCX=0x00000000fffffffe is an unknown value
RDX=0x0 is null
RSP=0x0000009e10cfed50 is pointing into the stack for thread: 0x000001b7708ac330
RBP=0x0000009e10cfee30 is pointing into the stack for thread: 0x000001b7708ac330
RSI=0x0 is null
RDI=0x0 is null
R8 =0x0000000000000001 is an unknown value
R9 =0x0000009e0e670000 points into unknown readable memory: 0x0000000000000000 | 00 00 00 00 00 00 00 00
R10=0x000001b75a740787 is at code_begin+1927 in an Interpreter codelet
native method entry point (kind = native)  [0x000001b75a740000, 0x000001b75a741238]  4664 bytes
R11=0x0000000000000100 is an unknown value
R12=0x0 is null
R13={method} {0x000001b76b2b9100} 'initNativeScale' '(I)V' in 'sun/awt/Win32GraphicsDevice'
R14=0x0000009e10cfee58 is pointing into the stack for thread: 0x000001b7708ac330
R15=0x000001b7708ac330 is a thread

Top of Stack: (sp=0x0000009e10cfed50)
0x0000009e10cfed50:   000001b76fbf1660 0000000000000000
0x0000009e10cfed60:   0000000000000000 000001b76fbf1660
0x0000009e10cfed70:   000001b76fbf1660 00007ff9c1dece02
0x0000009e10cfed80:   00007ff9c1e4a848 000001b76b2b90f8
0x0000009e10cfed90:   0000000000000000 00007ff9c05572c8
0x0000009e10cfeda0:   000001b75a7396b9 000001b75a7407b6
0x0000009e10cfedb0:   000001b76b2b90f8 000001b7708ac330
0x0000009e10cfedc0:   0000000000000000 0000000000000000
0x0000009e10cfedd0:   0000009e10cfee30 0000000000000001
0x0000009e10cfede0:   0000000710186530 0000009e10cfede8
0x0000009e10cfedf0:   0000000000000000 0000000000000005
0x0000009e10cfee00:   000001b76b2bc130 0000000000000000
0x0000009e10cfee10:   0000000710ca4cd8 000001b76b2b90f8
0x0000009e10cfee20:   0000000000000000 0000009e10cfee50
0x0000009e10cfee30:   0000009e10cfeea8 000001b75a7391b4
0x0000009e10cfee40:   0000000000000000 000001b75a73c6f7
0x0000009e10cfee50:   0000000000000000 0000000710185ed0
0x0000009e10cfee60:   0000009e10cfee60 000001b76b2b974c
0x0000009e10cfee70:   0000000000000002 000001b76b2bc130
0x0000009e10cfee80:   0000000000000000 0000000710ca4cd8
0x0000009e10cfee90:   000001b76b2b9798 0000009e10cfee50
0x0000009e10cfeea0:   0000009e10cfeeb8 0000009e10cfef08
0x0000009e10cfeeb0:   000001b75a7391b4 0000000710185ed0
0x0000009e10cfeec0:   0000009e10cfeec0 000001b76b2bb010
0x0000009e10cfeed0:   0000000000000003 000001b76b2bc130
0x0000009e10cfeee0:   0000000000000000 0000000710ca4cd8
0x0000009e10cfeef0:   000001b76b2bb058 0000009e10cfeeb8
0x0000009e10cfef00:   0000009e10cfef20 0000009e10cfef70
0x0000009e10cfef10:   000001b75a7391b4 0000000000000000
0x0000009e10cfef20:   0000000710185ed0 0000009e10cfef28
0x0000009e10cfef30:   000001b76b2aa3b7 0000000000000008
0x0000009e10cfef40:   000001b76b2ae288 0000000000000000 

Instructions: (pc=0x00007ff9c1deb5c6)
0x00007ff9c1deb4c6:   00 68 00 00 00 0f 11 44 24 34 0f 11 44 24 44 0f
0x00007ff9c1deb4d6:   11 44 24 54 0f 11 44 24 64 0f 11 44 24 74 0f 11
0x00007ff9c1deb4e6:   84 24 84 00 00 00 89 84 24 94 00 00 00 c7 44 24
0x00007ff9c1deb4f6:   30 68 00 00 00 48 8d 94 24 a0 00 00 00 48 8b cd
0x00007ff9c1deb506:   ff 15 bc 88 06 00 85 c0 74 40 48 8d 54 24 30 48
0x00007ff9c1deb516:   8b ce ff 15 aa 88 06 00 85 c0 74 2e 48 8d 54 24
0x00007ff9c1deb526:   34 48 8d 8c 24 a4 00 00 00 ff 15 db 83 06 00 85
0x00007ff9c1deb536:   c0 74 17 48 8d 54 24 44 48 8d 8c 24 b4 00 00 00
0x00007ff9c1deb546:   ff 15 c4 83 06 00 85 c0 75 11 ff c7 3b 7b 0c 0f
0x00007ff9c1deb556:   8c 15 ff ff ff 8b 3d 3f be 06 00 48 8b cb e8 a7
0x00007ff9c1deb566:   c9 f4 ff 90 8b c7 48 8b 8c 24 10 01 00 00 48 33
0x00007ff9c1deb576:   cc e8 54 02 01 00 4c 8d 9c 24 20 01 00 00 49 8b
0x00007ff9c1deb586:   5b 18 49 8b 6b 20 49 8b 73 28 49 8b e3 5f c3 cc
0x00007ff9c1deb596:   cc cc cc cc cc cc cc cc cc cc 48 8b 41 08 48 8b
0x00007ff9c1deb5a6:   80 18 0c 00 00 c3 cc cc cc cc 48 8b 41 08 48 05
0x00007ff9c1deb5b6:   00 04 00 00 c3 cc cc cc cc cc 40 53 48 83 ec 20
0x00007ff9c1deb5c6:   83 79 50 00 48 8b d9 75 56 48 8b 49 28 4c 8d 44
0x00007ff9c1deb5d6:   24 38 48 8d 54 24 30 c7 44 24 30 00 00 80 bf c7
0x00007ff9c1deb5e6:   44 24 38 00 00 80 bf e8 be e1 00 00 f3 0f 10 54
0x00007ff9c1deb5f6:   24 30 0f 57 c0 0f 2f d0 76 25 f3 0f 10 4c 24 38
0x00007ff9c1deb606:   0f 2f c8 76 1a f3 0f 5e 15 f9 a6 02 00 f3 0f 5e
0x00007ff9c1deb616:   0d f1 a6 02 00 f3 0f 11 53 48 f3 0f 11 4b 4c 48
0x00007ff9c1deb626:   83 c4 20 5b c3 cc cc cc cc cc 48 89 5c 24 10 48
0x00007ff9c1deb636:   89 74 24 18 48 89 7c 24 20 41 56 48 83 ec 40 48
0x00007ff9c1deb646:   8b d9 48 83 79 18 00 75 14 b9 28 04 00 00 e8 97
0x00007ff9c1deb656:   97 00 00 48 89 43 18 c7 00 28 00 00 00 48 8b 43
0x00007ff9c1deb666:   18 33 ff 66 89 78 0e 48 8b 4b 28 e8 5a 03 00 00
0x00007ff9c1deb676:   48 8b f0 ba 01 00 00 00 44 8b c2 48 8b c8 ff 15
0x00007ff9c1deb686:   a6 7f 06 00 4c 8b f0 89 7c 24 30 48 8b 4b 18 48
0x00007ff9c1deb696:   89 4c 24 28 48 89 7c 24 20 44 8d 4f 01 45 33 c0
0x00007ff9c1deb6a6:   48 8b d0 48 8b ce ff 15 5e 80 06 00 48 8b 53 30
0x00007ff9c1deb6b6:   48 8b 0b 83 79 04 08 0f 8e 01 02 00 00 f6 42 24 


Stack slot to memory mapping:

stack at sp + 0 slots: 0x000001b76fbf1660 points into unknown readable memory: 0x000001b76f6d20f0 | f0 20 6d 6f b7 01 00 00
stack at sp + 1 slots: 0x0 is null
stack at sp + 2 slots: 0x0 is null
stack at sp + 3 slots: 0x000001b76fbf1660 points into unknown readable memory: 0x000001b76f6d20f0 | f0 20 6d 6f b7 01 00 00
stack at sp + 4 slots: 0x000001b76fbf1660 points into unknown readable memory: 0x000001b76f6d20f0 | f0 20 6d 6f b7 01 00 00
stack at sp + 5 slots: 0x00007ff9c1dece02 awt.dll
stack at sp + 6 slots: 0x00007ff9c1e4a848 awt.dll
stack at sp + 7 slots: {method} {0x000001b76b2b9100} 'initNativeScale' '(I)V' in 'sun/awt/Win32GraphicsDevice'


---------------  P R O C E S S  ---------------

Threads class SMR info:
_java_thread_list=0x000001b76f0af2a0, length=20, elements={
0x000001b76a2f5f00, 0x000001b76a2f70e0, 0x000001b76a2fc8c0, 0x000001b76a2fe3d0,
0x000001b76f00cc10, 0x000001b76f011b80, 0x000001b76f01fbc0, 0x000001b76f020270,
0x000001b76f16add0, 0x000001b76f16e1f0, 0x000001b76f16ef50, 0x000001b76f0107d0,
0x000001b76f010e60, 0x000001b76f012f30, 0x000001b76f013c50, 0x000001b76f0128a0,
0x000001b76f0135c0, 0x000001b76f0114f0, 0x000001b76f012210, 0x000001b7708ac330
}

Java Threads: ( => current thread )
  0x000001b76a2f5f00 JavaThread "Reference Handler"          daemon [_thread_blocked, id=21604, stack(0x0000009e0f400000,0x0000009e0f500000) (1024K)]
  0x000001b76a2f70e0 JavaThread "Finalizer"                  daemon [_thread_blocked, id=21596, stack(0x0000009e0f500000,0x0000009e0f600000) (1024K)]
  0x000001b76a2fc8c0 JavaThread "Signal Dispatcher"          daemon [_thread_blocked, id=21628, stack(0x0000009e0f600000,0x0000009e0f700000) (1024K)]
  0x000001b76a2fe3d0 JavaThread "Attach Listener"            daemon [_thread_blocked, id=21624, stack(0x0000009e0f700000,0x0000009e0f800000) (1024K)]
  0x000001b76f00cc10 JavaThread "Service Thread"             daemon [_thread_blocked, id=23460, stack(0x0000009e0f800000,0x0000009e0f900000) (1024K)]
  0x000001b76f011b80 JavaThread "Monitor Deflation Thread"   daemon [_thread_blocked, id=10524, stack(0x0000009e0f900000,0x0000009e0fa00000) (1024K)]
  0x000001b76f01fbc0 JavaThread "C2 CompilerThread0"         daemon [_thread_blocked, id=17640, stack(0x0000009e0fa00000,0x0000009e0fb00000) (1024K)]
  0x000001b76f020270 JavaThread "C1 CompilerThread0"         daemon [_thread_blocked, id=20080, stack(0x0000009e0fb00000,0x0000009e0fc00000) (1024K)]
  0x000001b76f16add0 JavaThread "JDWP Transport Listener: dt_shmem" daemon [_thread_blocked, id=8220, stack(0x0000009e0fc00000,0x0000009e0fd00000) (1024K)]
  0x000001b76f16e1f0 JavaThread "JDWP Event Helper Thread"   daemon [_thread_blocked, id=6928, stack(0x0000009e0fd00000,0x0000009e0fe00000) (1024K)]
  0x000001b76f16ef50 JavaThread "JDWP Command Reader"        daemon [_thread_in_native, id=7736, stack(0x0000009e0fe00000,0x0000009e0ff00000) (1024K)]
  0x000001b76f0107d0 JavaThread "Notification Thread"        daemon [_thread_blocked, id=23084, stack(0x0000009e0ff00000,0x0000009e10000000) (1024K)]
  0x000001b76f010e60 JavaThread "Common-Cleaner"             daemon [_thread_blocked, id=23428, stack(0x0000009e10000000,0x0000009e10100000) (1024K)]
  0x000001b76f012f30 JavaThread "Java2D Disposer"            daemon [_thread_blocked, id=11560, stack(0x0000009e10100000,0x0000009e10200000) (1024K)]
  0x000001b76f013c50 JavaThread "AWT-Windows"                daemon [_thread_in_native, id=9752, stack(0x0000009e10300000,0x0000009e10400000) (1024K)]
  0x000001b76f0128a0 JavaThread "BlueJ worker thread"               [_thread_blocked, id=22092, stack(0x0000009e10500000,0x0000009e10600000) (1024K)]
  0x000001b76f0135c0 JavaThread "DestroyJavaVM"                     [_thread_blocked, id=9488, stack(0x0000009e0ec00000,0x0000009e0ed00000) (1024K)]
  0x000001b76f0114f0 JavaThread "main"                              [_thread_blocked, id=20988, stack(0x0000009e10b00000,0x0000009e10c00000) (1024K)]
  0x000001b76f012210 JavaThread "AWT-Shutdown"                      [_thread_blocked, id=22788, stack(0x0000009e10d00000,0x0000009e10e00000) (1024K)]
=>0x000001b7708ac330 JavaThread "AWT-EventQueue-0"                  [_thread_in_native, id=8128, stack(0x0000009e10c00000,0x0000009e10d00000) (1024K)]
Total: 20

Other Threads:
  0x000001b76a2d3d20 VMThread "VM Thread"                           [id=3772, stack(0x0000009e0f300000,0x0000009e0f400000) (1024K)]
  0x000001b76a2baea0 WatcherThread "VM Periodic Task Thread"        [id=2024, stack(0x0000009e0f200000,0x0000009e0f300000) (1024K)]
  0x000001b7493a1490 WorkerThread "GC Thread#0"                     [id=20488, stack(0x0000009e0ed00000,0x0000009e0ee00000) (1024K)]
  0x000001b76f6a0b20 WorkerThread "GC Thread#1"                     [id=7924, stack(0x0000009e0e900000,0x0000009e0ea00000) (1024K)]
  0x000001b76f6a0ec0 WorkerThread "GC Thread#2"                     [id=13480, stack(0x0000009e0eb00000,0x0000009e0ec00000) (1024K)]
  0x000001b76fbf7510 WorkerThread "GC Thread#3"                     [id=23716, stack(0x0000009e10200000,0x0000009e10300000) (1024K)]
  0x000001b76fbf78b0 WorkerThread "GC Thread#4"                     [id=24276, stack(0x0000009e10400000,0x0000009e10500000) (1024K)]
  0x000001b76fbf7c50 WorkerThread "GC Thread#5"                     [id=24108, stack(0x0000009e10600000,0x0000009e10700000) (1024K)]
  0x000001b76f732630 WorkerThread "GC Thread#6"                     [id=22692, stack(0x0000009e10700000,0x0000009e10800000) (1024K)]
  0x000001b76f7329d0 WorkerThread "GC Thread#7"                     [id=20700, stack(0x0000009e10800000,0x0000009e10900000) (1024K)]
  0x000001b76f732d70 WorkerThread "GC Thread#8"                     [id=9492, stack(0x0000009e10900000,0x0000009e10a00000) (1024K)]
  0x000001b76f3a75f0 WorkerThread "GC Thread#9"                     [id=7332, stack(0x0000009e10a00000,0x0000009e10b00000) (1024K)]
  0x000001b7493b2270 ConcurrentGCThread "G1 Main Marker"            [id=20492, stack(0x0000009e0ee00000,0x0000009e0ef00000) (1024K)]
  0x000001b7493b49a0 WorkerThread "G1 Conc#0"                       [id=11568, stack(0x0000009e0ef00000,0x0000009e0f000000) (1024K)]
  0x000001b7493fe710 ConcurrentGCThread "G1 Refine#0"               [id=21616, stack(0x0000009e0f000000,0x0000009e0f100000) (1024K)]
  0x000001b76a179ff0 ConcurrentGCThread "G1 Service"                [id=21612, stack(0x0000009e0f100000,0x0000009e0f200000) (1024K)]
Total: 16

Threads with active compile tasks:
Total: 0

VM state: not at safepoint (normal execution)

VM Mutex/Monitor currently owned by a thread: None

Heap address: 0x0000000701000000, size: 4080 MB, Compressed Oops mode: Zero based, Oop shift amount: 3

CDS archive(s) mapped at: [0x000001b700000000-0x000001b700c90000-0x000001b700c90000), size 13172736, SharedBaseAddress: 0x000001b700000000, ArchiveRelocationMode: 1.
Compressed class space mapped at: 0x000001b701000000-0x000001b741000000, reserved size: 1073741824
Narrow klass base: 0x000001b700000000, Narrow klass shift: 0, Narrow klass range: 0x100000000

GC Precious Log:
 CardTable entry size: 512
 Card Set container configuration: InlinePtr #cards 4 size 8 Array Of Cards #cards 16 size 48 Howl #buckets 8 coarsen threshold 3686 Howl Bitmap #cards 512 size 80 coarsen threshold 460 Card regions per heap region 1 cards per card region 4096
 CPUs: 12 total, 12 available
 Memory: 16315M
 Large Page Support: Disabled
 NUMA Support: Disabled
 Compressed Oops: Enabled (Zero based)
 Heap Region Size: 2M
 Heap Min Capacity: 8M
 Heap Initial Capacity: 256M
 Heap Max Capacity: 4080M
 Pre-touch: Disabled
 Parallel Workers: 10
 Concurrent Workers: 3
 Concurrent Refinement Workers: 10
 Periodic GC: Disabled

Heap:
 garbage-first heap   total 262144K, used 17290K [0x0000000701000000, 0x0000000800000000)
  region size 2048K, 10 young (20480K), 2 survivors (4096K)
 Metaspace       used 3655K, committed 3904K, reserved 1114112K
  class space    used 341K, committed 448K, reserved 1048576K

Heap Regions: E=young(eden), S=young(survivor), O=old, HS=humongous(starts), HC=humongous(continues), CS=collection set, F=free, TAMS=top-at-mark-start, PB=parsable bottom
|   0|0x0000000701000000, 0x0000000701000000, 0x0000000701200000|  0%| F|  |TAMS 0x0000000701000000| PB 0x0000000701000000| Untracked 
|   1|0x0000000701200000, 0x0000000701200000, 0x0000000701400000|  0%| F|  |TAMS 0x0000000701200000| PB 0x0000000701200000| Untracked 
|   2|0x0000000701400000, 0x0000000701400000, 0x0000000701600000|  0%| F|  |TAMS 0x0000000701400000| PB 0x0000000701400000| Untracked 
|   3|0x0000000701600000, 0x0000000701600000, 0x0000000701800000|  0%| F|  |TAMS 0x0000000701600000| PB 0x0000000701600000| Untracked 
|   4|0x0000000701800000, 0x0000000701800000, 0x0000000701a00000|  0%| F|  |TAMS 0x0000000701800000| PB 0x0000000701800000| Untracked 
|   5|0x0000000701a00000, 0x0000000701a00000, 0x0000000701c00000|  0%| F|  |TAMS 0x0000000701a00000| PB 0x0000000701a00000| Untracked 
|   6|0x0000000701c00000, 0x0000000701c00000, 0x0000000701e00000|  0%| F|  |TAMS 0x0000000701c00000| PB 0x0000000701c00000| Untracked 
|   7|0x0000000701e00000, 0x0000000701e00000, 0x0000000702000000|  0%| F|  |TAMS 0x0000000701e00000| PB 0x0000000701e00000| Untracked 
|   8|0x0000000702000000, 0x0000000702000000, 0x0000000702200000|  0%| F|  |TAMS 0x0000000702000000| PB 0x0000000702000000| Untracked 
|   9|0x0000000702200000, 0x0000000702200000, 0x0000000702400000|  0%| F|  |TAMS 0x0000000702200000| PB 0x0000000702200000| Untracked 
|  10|0x0000000702400000, 0x0000000702400000, 0x0000000702600000|  0%| F|  |TAMS 0x0000000702400000| PB 0x0000000702400000| Untracked 
|  11|0x0000000702600000, 0x0000000702600000, 0x0000000702800000|  0%| F|  |TAMS 0x0000000702600000| PB 0x0000000702600000| Untracked 
|  12|0x0000000702800000, 0x0000000702800000, 0x0000000702a00000|  0%| F|  |TAMS 0x0000000702800000| PB 0x0000000702800000| Untracked 
|  13|0x0000000702a00000, 0x0000000702a00000, 0x0000000702c00000|  0%| F|  |TAMS 0x0000000702a00000| PB 0x0000000702a00000| Untracked 
|  14|0x0000000702c00000, 0x0000000702c00000, 0x0000000702e00000|  0%| F|  |TAMS 0x0000000702c00000| PB 0x0000000702c00000| Untracked 
|  15|0x0000000702e00000, 0x0000000702e00000, 0x0000000703000000|  0%| F|  |TAMS 0x0000000702e00000| PB 0x0000000702e00000| Untracked 
|  16|0x0000000703000000, 0x0000000703000000, 0x0000000703200000|  0%| F|  |TAMS 0x0000000703000000| PB 0x0000000703000000| Untracked 
|  17|0x0000000703200000, 0x0000000703200000, 0x0000000703400000|  0%| F|  |TAMS 0x0000000703200000| PB 0x0000000703200000| Untracked 
|  18|0x0000000703400000, 0x0000000703400000, 0x0000000703600000|  0%| F|  |TAMS 0x0000000703400000| PB 0x0000000703400000| Untracked 
|  19|0x0000000703600000, 0x0000000703600000, 0x0000000703800000|  0%| F|  |TAMS 0x0000000703600000| PB 0x0000000703600000| Untracked 
|  20|0x0000000703800000, 0x0000000703800000, 0x0000000703a00000|  0%| F|  |TAMS 0x0000000703800000| PB 0x0000000703800000| Untracked 
|  21|0x0000000703a00000, 0x0000000703a00000, 0x0000000703c00000|  0%| F|  |TAMS 0x0000000703a00000| PB 0x0000000703a00000| Untracked 
|  22|0x0000000703c00000, 0x0000000703c00000, 0x0000000703e00000|  0%| F|  |TAMS 0x0000000703c00000| PB 0x0000000703c00000| Untracked 
|  23|0x0000000703e00000, 0x0000000703e00000, 0x0000000704000000|  0%| F|  |TAMS 0x0000000703e00000| PB 0x0000000703e00000| Untracked 
|  24|0x0000000704000000, 0x0000000704000000, 0x0000000704200000|  0%| F|  |TAMS 0x0000000704000000| PB 0x0000000704000000| Untracked 
|  25|0x0000000704200000, 0x0000000704200000, 0x0000000704400000|  0%| F|  |TAMS 0x0000000704200000| PB 0x0000000704200000| Untracked 
|  26|0x0000000704400000, 0x0000000704400000, 0x0000000704600000|  0%| F|  |TAMS 0x0000000704400000| PB 0x0000000704400000| Untracked 
|  27|0x0000000704600000, 0x0000000704600000, 0x0000000704800000|  0%| F|  |TAMS 0x0000000704600000| PB 0x0000000704600000| Untracked 
|  28|0x0000000704800000, 0x0000000704800000, 0x0000000704a00000|  0%| F|  |TAMS 0x0000000704800000| PB 0x0000000704800000| Untracked 
|  29|0x0000000704a00000, 0x0000000704a00000, 0x0000000704c00000|  0%| F|  |TAMS 0x0000000704a00000| PB 0x0000000704a00000| Untracked 
|  30|0x0000000704c00000, 0x0000000704c00000, 0x0000000704e00000|  0%| F|  |TAMS 0x0000000704c00000| PB 0x0000000704c00000| Untracked 
|  31|0x0000000704e00000, 0x0000000704e00000, 0x0000000705000000|  0%| F|  |TAMS 0x0000000704e00000| PB 0x0000000704e00000| Untracked 
|  32|0x0000000705000000, 0x0000000705000000, 0x0000000705200000|  0%| F|  |TAMS 0x0000000705000000| PB 0x0000000705000000| Untracked 
|  33|0x0000000705200000, 0x0000000705200000, 0x0000000705400000|  0%| F|  |TAMS 0x0000000705200000| PB 0x0000000705200000| Untracked 
|  34|0x0000000705400000, 0x0000000705400000, 0x0000000705600000|  0%| F|  |TAMS 0x0000000705400000| PB 0x0000000705400000| Untracked 
|  35|0x0000000705600000, 0x0000000705600000, 0x0000000705800000|  0%| F|  |TAMS 0x0000000705600000| PB 0x0000000705600000| Untracked 
|  36|0x0000000705800000, 0x0000000705800000, 0x0000000705a00000|  0%| F|  |TAMS 0x0000000705800000| PB 0x0000000705800000| Untracked 
|  37|0x0000000705a00000, 0x0000000705a00000, 0x0000000705c00000|  0%| F|  |TAMS 0x0000000705a00000| PB 0x0000000705a00000| Untracked 
|  38|0x0000000705c00000, 0x0000000705c00000, 0x0000000705e00000|  0%| F|  |TAMS 0x0000000705c00000| PB 0x0000000705c00000| Untracked 
|  39|0x0000000705e00000, 0x0000000705e00000, 0x0000000706000000|  0%| F|  |TAMS 0x0000000705e00000| PB 0x0000000705e00000| Untracked 
|  40|0x0000000706000000, 0x0000000706000000, 0x0000000706200000|  0%| F|  |TAMS 0x0000000706000000| PB 0x0000000706000000| Untracked 
|  41|0x0000000706200000, 0x0000000706200000, 0x0000000706400000|  0%| F|  |TAMS 0x0000000706200000| PB 0x0000000706200000| Untracked 
|  42|0x0000000706400000, 0x0000000706400000, 0x0000000706600000|  0%| F|  |TAMS 0x0000000706400000| PB 0x0000000706400000| Untracked 
|  43|0x0000000706600000, 0x0000000706600000, 0x0000000706800000|  0%| F|  |TAMS 0x0000000706600000| PB 0x0000000706600000| Untracked 
|  44|0x0000000706800000, 0x0000000706800000, 0x0000000706a00000|  0%| F|  |TAMS 0x0000000706800000| PB 0x0000000706800000| Untracked 
|  45|0x0000000706a00000, 0x0000000706a00000, 0x0000000706c00000|  0%| F|  |TAMS 0x0000000706a00000| PB 0x0000000706a00000| Untracked 
|  46|0x0000000706c00000, 0x0000000706c00000, 0x0000000706e00000|  0%| F|  |TAMS 0x0000000706c00000| PB 0x0000000706c00000| Untracked 
|  47|0x0000000706e00000, 0x0000000706e00000, 0x0000000707000000|  0%| F|  |TAMS 0x0000000706e00000| PB 0x0000000706e00000| Untracked 
|  48|0x0000000707000000, 0x0000000707000000, 0x0000000707200000|  0%| F|  |TAMS 0x0000000707000000| PB 0x0000000707000000| Untracked 
|  49|0x0000000707200000, 0x0000000707200000, 0x0000000707400000|  0%| F|  |TAMS 0x0000000707200000| PB 0x0000000707200000| Untracked 
|  50|0x0000000707400000, 0x0000000707400000, 0x0000000707600000|  0%| F|  |TAMS 0x0000000707400000| PB 0x0000000707400000| Untracked 
|  51|0x0000000707600000, 0x0000000707600000, 0x0000000707800000|  0%| F|  |TAMS 0x0000000707600000| PB 0x0000000707600000| Untracked 
|  52|0x0000000707800000, 0x0000000707800000, 0x0000000707a00000|  0%| F|  |TAMS 0x0000000707800000| PB 0x0000000707800000| Untracked 
|  53|0x0000000707a00000, 0x0000000707a00000, 0x0000000707c00000|  0%| F|  |TAMS 0x0000000707a00000| PB 0x0000000707a00000| Untracked 
|  54|0x0000000707c00000, 0x0000000707c00000, 0x0000000707e00000|  0%| F|  |TAMS 0x0000000707c00000| PB 0x0000000707c00000| Untracked 
|  55|0x0000000707e00000, 0x0000000707e00000, 0x0000000708000000|  0%| F|  |TAMS 0x0000000707e00000| PB 0x0000000707e00000| Untracked 
|  56|0x0000000708000000, 0x0000000708000000, 0x0000000708200000|  0%| F|  |TAMS 0x0000000708000000| PB 0x0000000708000000| Untracked 
|  57|0x0000000708200000, 0x0000000708200000, 0x0000000708400000|  0%| F|  |TAMS 0x0000000708200000| PB 0x0000000708200000| Untracked 
|  58|0x0000000708400000, 0x0000000708400000, 0x0000000708600000|  0%| F|  |TAMS 0x0000000708400000| PB 0x0000000708400000| Untracked 
|  59|0x0000000708600000, 0x0000000708600000, 0x0000000708800000|  0%| F|  |TAMS 0x0000000708600000| PB 0x0000000708600000| Untracked 
|  60|0x0000000708800000, 0x0000000708800000, 0x0000000708a00000|  0%| F|  |TAMS 0x0000000708800000| PB 0x0000000708800000| Untracked 
|  61|0x0000000708a00000, 0x0000000708a00000, 0x0000000708c00000|  0%| F|  |TAMS 0x0000000708a00000| PB 0x0000000708a00000| Untracked 
|  62|0x0000000708c00000, 0x0000000708c00000, 0x0000000708e00000|  0%| F|  |TAMS 0x0000000708c00000| PB 0x0000000708c00000| Untracked 
|  63|0x0000000708e00000, 0x0000000708e00000, 0x0000000709000000|  0%| F|  |TAMS 0x0000000708e00000| PB 0x0000000708e00000| Untracked 
|  64|0x0000000709000000, 0x0000000709000000, 0x0000000709200000|  0%| F|  |TAMS 0x0000000709000000| PB 0x0000000709000000| Untracked 
|  65|0x0000000709200000, 0x0000000709200000, 0x0000000709400000|  0%| F|  |TAMS 0x0000000709200000| PB 0x0000000709200000| Untracked 
|  66|0x0000000709400000, 0x0000000709400000, 0x0000000709600000|  0%| F|  |TAMS 0x0000000709400000| PB 0x0000000709400000| Untracked 
|  67|0x0000000709600000, 0x0000000709600000, 0x0000000709800000|  0%| F|  |TAMS 0x0000000709600000| PB 0x0000000709600000| Untracked 
|  68|0x0000000709800000, 0x0000000709800000, 0x0000000709a00000|  0%| F|  |TAMS 0x0000000709800000| PB 0x0000000709800000| Untracked 
|  69|0x0000000709a00000, 0x0000000709a00000, 0x0000000709c00000|  0%| F|  |TAMS 0x0000000709a00000| PB 0x0000000709a00000| Untracked 
|  70|0x0000000709c00000, 0x0000000709c00000, 0x0000000709e00000|  0%| F|  |TAMS 0x0000000709c00000| PB 0x0000000709c00000| Untracked 
|  71|0x0000000709e00000, 0x0000000709e00000, 0x000000070a000000|  0%| F|  |TAMS 0x0000000709e00000| PB 0x0000000709e00000| Untracked 
|  72|0x000000070a000000, 0x000000070a000000, 0x000000070a200000|  0%| F|  |TAMS 0x000000070a000000| PB 0x000000070a000000| Untracked 
|  73|0x000000070a200000, 0x000000070a200000, 0x000000070a400000|  0%| F|  |TAMS 0x000000070a200000| PB 0x000000070a200000| Untracked 
|  74|0x000000070a400000, 0x000000070a400000, 0x000000070a600000|  0%| F|  |TAMS 0x000000070a400000| PB 0x000000070a400000| Untracked 
|  75|0x000000070a600000, 0x000000070a600000, 0x000000070a800000|  0%| F|  |TAMS 0x000000070a600000| PB 0x000000070a600000| Untracked 
|  76|0x000000070a800000, 0x000000070a800000, 0x000000070aa00000|  0%| F|  |TAMS 0x000000070a800000| PB 0x000000070a800000| Untracked 
|  77|0x000000070aa00000, 0x000000070aa00000, 0x000000070ac00000|  0%| F|  |TAMS 0x000000070aa00000| PB 0x000000070aa00000| Untracked 
|  78|0x000000070ac00000, 0x000000070ac00000, 0x000000070ae00000|  0%| F|  |TAMS 0x000000070ac00000| PB 0x000000070ac00000| Untracked 
|  79|0x000000070ae00000, 0x000000070ae00000, 0x000000070b000000|  0%| F|  |TAMS 0x000000070ae00000| PB 0x000000070ae00000| Untracked 
|  80|0x000000070b000000, 0x000000070b000000, 0x000000070b200000|  0%| F|  |TAMS 0x000000070b000000| PB 0x000000070b000000| Untracked 
|  81|0x000000070b200000, 0x000000070b200000, 0x000000070b400000|  0%| F|  |TAMS 0x000000070b200000| PB 0x000000070b200000| Untracked 
|  82|0x000000070b400000, 0x000000070b400000, 0x000000070b600000|  0%| F|  |TAMS 0x000000070b400000| PB 0x000000070b400000| Untracked 
|  83|0x000000070b600000, 0x000000070b600000, 0x000000070b800000|  0%| F|  |TAMS 0x000000070b600000| PB 0x000000070b600000| Untracked 
|  84|0x000000070b800000, 0x000000070b800000, 0x000000070ba00000|  0%| F|  |TAMS 0x000000070b800000| PB 0x000000070b800000| Untracked 
|  85|0x000000070ba00000, 0x000000070ba00000, 0x000000070bc00000|  0%| F|  |TAMS 0x000000070ba00000| PB 0x000000070ba00000| Untracked 
|  86|0x000000070bc00000, 0x000000070bc00000, 0x000000070be00000|  0%| F|  |TAMS 0x000000070bc00000| PB 0x000000070bc00000| Untracked 
|  87|0x000000070be00000, 0x000000070be00000, 0x000000070c000000|  0%| F|  |TAMS 0x000000070be00000| PB 0x000000070be00000| Untracked 
|  88|0x000000070c000000, 0x000000070c000000, 0x000000070c200000|  0%| F|  |TAMS 0x000000070c000000| PB 0x000000070c000000| Untracked 
|  89|0x000000070c200000, 0x000000070c200000, 0x000000070c400000|  0%| F|  |TAMS 0x000000070c200000| PB 0x000000070c200000| Untracked 
|  90|0x000000070c400000, 0x000000070c400000, 0x000000070c600000|  0%| F|  |TAMS 0x000000070c400000| PB 0x000000070c400000| Untracked 
|  91|0x000000070c600000, 0x000000070c600000, 0x000000070c800000|  0%| F|  |TAMS 0x000000070c600000| PB 0x000000070c600000| Untracked 
|  92|0x000000070c800000, 0x000000070c800000, 0x000000070ca00000|  0%| F|  |TAMS 0x000000070c800000| PB 0x000000070c800000| Untracked 
|  93|0x000000070ca00000, 0x000000070ca00000, 0x000000070cc00000|  0%| F|  |TAMS 0x000000070ca00000| PB 0x000000070ca00000| Untracked 
|  94|0x000000070cc00000, 0x000000070cc00000, 0x000000070ce00000|  0%| F|  |TAMS 0x000000070cc00000| PB 0x000000070cc00000| Untracked 
|  95|0x000000070ce00000, 0x000000070ce00000, 0x000000070d000000|  0%| F|  |TAMS 0x000000070ce00000| PB 0x000000070ce00000| Untracked 
|  96|0x000000070d000000, 0x000000070d000000, 0x000000070d200000|  0%| F|  |TAMS 0x000000070d000000| PB 0x000000070d000000| Untracked 
|  97|0x000000070d200000, 0x000000070d200000, 0x000000070d400000|  0%| F|  |TAMS 0x000000070d200000| PB 0x000000070d200000| Untracked 
|  98|0x000000070d400000, 0x000000070d400000, 0x000000070d600000|  0%| F|  |TAMS 0x000000070d400000| PB 0x000000070d400000| Untracked 
|  99|0x000000070d600000, 0x000000070d600000, 0x000000070d800000|  0%| F|  |TAMS 0x000000070d600000| PB 0x000000070d600000| Untracked 
| 100|0x000000070d800000, 0x000000070d800000, 0x000000070da00000|  0%| F|  |TAMS 0x000000070d800000| PB 0x000000070d800000| Untracked 
| 101|0x000000070da00000, 0x000000070da00000, 0x000000070dc00000|  0%| F|  |TAMS 0x000000070da00000| PB 0x000000070da00000| Untracked 
| 102|0x000000070dc00000, 0x000000070dc00000, 0x000000070de00000|  0%| F|  |TAMS 0x000000070dc00000| PB 0x000000070dc00000| Untracked 
| 103|0x000000070de00000, 0x000000070de00000, 0x000000070e000000|  0%| F|  |TAMS 0x000000070de00000| PB 0x000000070de00000| Untracked 
| 104|0x000000070e000000, 0x000000070e000000, 0x000000070e200000|  0%| F|  |TAMS 0x000000070e000000| PB 0x000000070e000000| Untracked 
| 105|0x000000070e200000, 0x000000070e200000, 0x000000070e400000|  0%| F|  |TAMS 0x000000070e200000| PB 0x000000070e200000| Untracked 
| 106|0x000000070e400000, 0x000000070e400000, 0x000000070e600000|  0%| F|  |TAMS 0x000000070e400000| PB 0x000000070e400000| Untracked 
| 107|0x000000070e600000, 0x000000070e600000, 0x000000070e800000|  0%| F|  |TAMS 0x000000070e600000| PB 0x000000070e600000| Untracked 
| 108|0x000000070e800000, 0x000000070e800000, 0x000000070ea00000|  0%| F|  |TAMS 0x000000070e800000| PB 0x000000070e800000| Untracked 
| 109|0x000000070ea00000, 0x000000070ea00000, 0x000000070ec00000|  0%| F|  |TAMS 0x000000070ea00000| PB 0x000000070ea00000| Untracked 
| 110|0x000000070ec00000, 0x000000070ec00000, 0x000000070ee00000|  0%| F|  |TAMS 0x000000070ec00000| PB 0x000000070ec00000| Untracked 
| 111|0x000000070ee00000, 0x000000070ee00000, 0x000000070f000000|  0%| F|  |TAMS 0x000000070ee00000| PB 0x000000070ee00000| Untracked 
| 112|0x000000070f000000, 0x000000070f000000, 0x000000070f200000|  0%| F|  |TAMS 0x000000070f000000| PB 0x000000070f000000| Untracked 
| 113|0x000000070f200000, 0x000000070f200000, 0x000000070f400000|  0%| F|  |TAMS 0x000000070f200000| PB 0x000000070f200000| Untracked 
| 114|0x000000070f400000, 0x000000070f400000, 0x000000070f600000|  0%| F|  |TAMS 0x000000070f400000| PB 0x000000070f400000| Untracked 
| 115|0x000000070f600000, 0x000000070f6e2a50, 0x000000070f800000| 44%| S|CS|TAMS 0x000000070f600000| PB 0x000000070f600000| Complete 
| 116|0x000000070f800000, 0x000000070fa00000, 0x000000070fa00000|100%| S|CS|TAMS 0x000000070f800000| PB 0x000000070f800000| Complete 
| 117|0x000000070fa00000, 0x000000070fa00000, 0x000000070fc00000|  0%| F|  |TAMS 0x000000070fa00000| PB 0x000000070fa00000| Untracked 
| 118|0x000000070fc00000, 0x000000070fc00000, 0x000000070fe00000|  0%| F|  |TAMS 0x000000070fc00000| PB 0x000000070fc00000| Untracked 
| 119|0x000000070fe00000, 0x000000070fe00000, 0x0000000710000000|  0%| F|  |TAMS 0x000000070fe00000| PB 0x000000070fe00000| Untracked 
| 120|0x0000000710000000, 0x00000007101ac8e0, 0x0000000710200000| 83%| E|  |TAMS 0x0000000710000000| PB 0x0000000710000000| Complete 
| 121|0x0000000710200000, 0x0000000710400000, 0x0000000710400000|100%| E|CS|TAMS 0x0000000710200000| PB 0x0000000710200000| Complete 
| 122|0x0000000710400000, 0x0000000710600000, 0x0000000710600000|100%| E|CS|TAMS 0x0000000710400000| PB 0x0000000710400000| Complete 
| 123|0x0000000710600000, 0x0000000710800000, 0x0000000710800000|100%| E|CS|TAMS 0x0000000710600000| PB 0x0000000710600000| Complete 
| 124|0x0000000710800000, 0x0000000710a00000, 0x0000000710a00000|100%| E|CS|TAMS 0x0000000710800000| PB 0x0000000710800000| Complete 
| 125|0x0000000710a00000, 0x0000000710c00000, 0x0000000710c00000|100%| E|CS|TAMS 0x0000000710a00000| PB 0x0000000710a00000| Complete 
| 126|0x0000000710c00000, 0x0000000710e00000, 0x0000000710e00000|100%| E|CS|TAMS 0x0000000710c00000| PB 0x0000000710c00000| Complete 
| 127|0x0000000710e00000, 0x0000000711000000, 0x0000000711000000|100%| E|CS|TAMS 0x0000000710e00000| PB 0x0000000710e00000| Complete 

Card table byte_map: [0x000001b763690000,0x000001b763e90000] _byte_map_base: 0x000001b75fe88000

Marking Bits: (CMBitMap*) 0x000001b7493a1a90
 Bits: [0x000001b763e90000, 0x000001b767e50000)

Polling page: 0x000001b749400000

Metaspace:

Usage:
  Non-class:      3.24 MB used.
      Class:    341.98 KB used.
       Both:      3.57 MB used.

Virtual space:
  Non-class space:       64.00 MB reserved,       3.38 MB (  5%) committed,  1 nodes.
      Class space:        1.00 GB reserved,     448.00 KB ( <1%) committed,  1 nodes.
             Both:        1.06 GB reserved,       3.81 MB ( <1%) committed. 

Chunk freelists:
   Non-Class:  11.61 MB
       Class:  15.51 MB
        Both:  27.11 MB

MaxMetaspaceSize: unlimited
CompressedClassSpaceSize: 1.00 GB
Initial GC threshold: 21.00 MB
Current GC threshold: 21.00 MB
CDS: on
 - commit_granule_bytes: 65536.
 - commit_granule_words: 8192.
 - virtual_space_node_default_size: 8388608.
 - enlarge_chunks_in_place: 1.
 - use_allocation_guard: 0.


Internal statistics:

num_allocs_failed_limit: 0.
num_arena_births: 120.
num_arena_deaths: 0.
num_vsnodes_births: 2.
num_vsnodes_deaths: 0.
num_space_committed: 61.
num_space_uncommitted: 0.
num_chunks_returned_to_freelist: 0.
num_chunks_taken_from_freelist: 177.
num_chunk_merges: 0.
num_chunk_splits: 121.
num_chunks_enlarged: 65.
num_inconsistent_stats: 0.

CodeHeap 'non-profiled nmethods': size=120000Kb used=243Kb max_used=243Kb free=119756Kb
 bounds [0x000001b75acd0000, 0x000001b75af40000, 0x000001b762200000]
CodeHeap 'profiled nmethods': size=120000Kb used=1545Kb max_used=1545Kb free=118454Kb
 bounds [0x000001b753200000, 0x000001b753470000, 0x000001b75a730000]
CodeHeap 'non-nmethods': size=5760Kb used=1465Kb max_used=1479Kb free=4294Kb
 bounds [0x000001b75a730000, 0x000001b75a9a0000, 0x000001b75acd0000]
 total_blobs=1374 nmethods=877 adapters=402
 compilation: enabled
              stopped_count=0, restarted_count=0
 full_count=0

Compilation events (20 events):
Event: 20429.337 Thread 0x000001b76f020270  868       3       java.util.concurrent.locks.AbstractQueuedSynchronizer$Node::clearStatus (12 bytes)
Event: 20429.338 Thread 0x000001b76f020270 nmethod 868 0x000001b75337b390 code [0x000001b75337b540, 0x000001b75337b6e0]
Event: 20609.352 Thread 0x000001b76f020270  869       3       java.lang.ref.ReferenceQueue::remove0 (64 bytes)
Event: 20609.352 Thread 0x000001b76f020270 nmethod 869 0x000001b75337b790 code [0x000001b75337b980, 0x000001b75337be50]
Event: 22589.617 Thread 0x000001b76f020270  870       3       java.util.concurrent.locks.AbstractQueuedSynchronizer$ConditionObject::enableWait (84 bytes)
Event: 22589.618 Thread 0x000001b76f020270 nmethod 870 0x000001b75337bf90 code [0x000001b75337c1c0, 0x000001b75337c970]
Event: 22949.687 Thread 0x000001b76f020270  871       3       java.util.concurrent.locks.AbstractQueuedSynchronizer$ConditionObject::unlinkCancelledWaiters (91 bytes)
Event: 22949.688 Thread 0x000001b76f020270 nmethod 871 0x000001b75337cc90 code [0x000001b75337ce60, 0x000001b75337d318]
Event: 22949.688 Thread 0x000001b76f020270  872       3       java.util.concurrent.TimeUnit::toNanos (45 bytes)
Event: 22949.688 Thread 0x000001b76f020270 nmethod 872 0x000001b75337d490 code [0x000001b75337d640, 0x000001b75337d8a8]
Event: 28150.979 Thread 0x000001b76f020270  873       3       sun.awt.SunToolkit::flushPendingEvents (19 bytes)
Event: 28150.979 Thread 0x000001b76f020270 nmethod 873 0x000001b75337d910 code [0x000001b75337dae0, 0x000001b75337dda0]
Event: 28150.980 Thread 0x000001b76f020270  874   !   3       sun.awt.PostEventQueue::flush (168 bytes)
Event: 28150.981 Thread 0x000001b76f020270 nmethod 874 0x000001b75337df10 code [0x000001b75337e1c0, 0x000001b75337eff0]
Event: 28587.406 Thread 0x000001b76f020270  875       3       java.util.WeakHashMap::keySet (25 bytes)
Event: 28587.407 Thread 0x000001b76f020270 nmethod 875 0x000001b75337f690 code [0x000001b75337f860, 0x000001b75337fc48]
Event: 28587.408 Thread 0x000001b76f020270  876       3       java.util.WeakHashMap$KeySet::<init> (10 bytes)
Event: 28587.408 Thread 0x000001b76f020270 nmethod 876 0x000001b75337fd90 code [0x000001b75337ff40, 0x000001b7533801c8]
Event: 28587.919 Thread 0x000001b76f020270  877       3       java.security.AccessControlContext::optimize (319 bytes)
Event: 28587.922 Thread 0x000001b76f020270 nmethod 877 0x000001b753380310 code [0x000001b7533806c0, 0x000001b753381e78]

GC Heap History (2 events):
Event: 3147.185 GC heap before
{Heap before GC invocations=0 (full 0):
 garbage-first heap   total 262144K, used 22528K [0x0000000701000000, 0x0000000800000000)
  region size 2048K, 11 young (22528K), 0 survivors (0K)
 Metaspace       used 3074K, committed 3328K, reserved 1114112K
  class space    used 283K, committed 384K, reserved 1048576K
}
Event: 3147.189 GC heap after
{Heap after GC invocations=1 (full 0):
 garbage-first heap   total 262144K, used 2954K [0x0000000701000000, 0x0000000800000000)
  region size 2048K, 2 young (4096K), 2 survivors (4096K)
 Metaspace       used 3074K, committed 3328K, reserved 1114112K
  class space    used 283K, committed 384K, reserved 1048576K
}

Dll operation events (7 events):
Event: 0.008 Loaded shared library C:\Program Files\BlueJ\jdk\bin\java.dll
Event: 0.037 Loaded shared library C:\Program Files\BlueJ\jdk\bin\jsvml.dll
Event: 0.447 Loaded shared library C:\Program Files\BlueJ\jdk\bin\net.dll
Event: 0.449 Loaded shared library C:\Program Files\BlueJ\jdk\bin\nio.dll
Event: 0.468 Loaded shared library C:\Program Files\BlueJ\jdk\bin\zip.dll
Event: 0.523 Loaded shared library C:\Program Files\BlueJ\jdk\bin\jimage.dll
Event: 0.526 Loaded shared library C:\Program Files\BlueJ\jdk\bin\awt.dll

Deoptimization events (20 events):
Event: 3206.915 Thread 0x000001b76f0114f0 DEOPT PACKING pc=0x000001b7532ab3a4 sp=0x0000009e10bfee70
Event: 3206.915 Thread 0x000001b76f0114f0 DEOPT UNPACKING pc=0x000001b75a784e42 sp=0x0000009e10bfe2d0 mode 1
Event: 3206.915 Thread 0x000001b76f0114f0 DEOPT PACKING pc=0x000001b753337f5c sp=0x0000009e10bfef00
Event: 3206.915 Thread 0x000001b76f0114f0 DEOPT UNPACKING pc=0x000001b75a784e42 sp=0x0000009e10bfe3f0 mode 1
Event: 3206.915 Thread 0x000001b76f0114f0 DEOPT PACKING pc=0x000001b7532ab3a4 sp=0x0000009e10bfebf0
Event: 3206.915 Thread 0x000001b76f0114f0 DEOPT UNPACKING pc=0x000001b75a784e42 sp=0x0000009e10bfe050 mode 1
Event: 3206.915 Thread 0x000001b76f0114f0 DEOPT PACKING pc=0x000001b753289664 sp=0x0000009e10bfec80
Event: 3206.915 Thread 0x000001b76f0114f0 DEOPT UNPACKING pc=0x000001b75a784e42 sp=0x0000009e10bfe160 mode 1
Event: 3206.915 Thread 0x000001b76f0114f0 DEOPT PACKING pc=0x000001b7532ab3a4 sp=0x0000009e10bfee70
Event: 3206.915 Thread 0x000001b76f0114f0 DEOPT UNPACKING pc=0x000001b75a784e42 sp=0x0000009e10bfe2d0 mode 1
Event: 3206.915 Thread 0x000001b76f0114f0 DEOPT PACKING pc=0x000001b753337f5c sp=0x0000009e10bfef00
Event: 3206.915 Thread 0x000001b76f0114f0 DEOPT UNPACKING pc=0x000001b75a784e42 sp=0x0000009e10bfe3f0 mode 1
Event: 3206.915 Thread 0x000001b76f0114f0 DEOPT PACKING pc=0x000001b7532ab3a4 sp=0x0000009e10bfebf0
Event: 3206.915 Thread 0x000001b76f0114f0 DEOPT UNPACKING pc=0x000001b75a784e42 sp=0x0000009e10bfe050 mode 1
Event: 3206.915 Thread 0x000001b76f0114f0 DEOPT PACKING pc=0x000001b753289664 sp=0x0000009e10bfec80
Event: 3206.915 Thread 0x000001b76f0114f0 DEOPT UNPACKING pc=0x000001b75a784e42 sp=0x0000009e10bfe160 mode 1
Event: 3206.915 Thread 0x000001b76f0114f0 DEOPT PACKING pc=0x000001b7532ab3a4 sp=0x0000009e10bfee70
Event: 3206.915 Thread 0x000001b76f0114f0 DEOPT UNPACKING pc=0x000001b75a784e42 sp=0x0000009e10bfe2d0 mode 1
Event: 3206.915 Thread 0x000001b76f0114f0 DEOPT PACKING pc=0x000001b753337f5c sp=0x0000009e10bfef00
Event: 3206.915 Thread 0x000001b76f0114f0 DEOPT UNPACKING pc=0x000001b75a784e42 sp=0x0000009e10bfe3f0 mode 1

Classes loaded (20 events):
Event: 4192.915 Loading class sun/java2d/d3d/D3DGraphicsConfig$D3DImageCaps
Event: 4192.915 Loading class sun/java2d/d3d/D3DGraphicsConfig$D3DImageCaps done
Event: 4192.915 Loading class java/awt/Rectangle
Event: 4192.915 Loading class java/awt/Shape
Event: 4192.915 Loading class java/awt/Shape done
Event: 4192.916 Loading class java/awt/geom/Rectangle2D
Event: 4192.916 Loading class java/awt/geom/RectangularShape
Event: 4192.916 Loading class java/awt/geom/RectangularShape done
Event: 4192.916 Loading class java/awt/geom/Rectangle2D done
Event: 4192.916 Loading class java/awt/Rectangle done
Event: 4192.916 Loading class java/util/WeakHashMap$KeyIterator
Event: 4192.916 Loading class java/util/WeakHashMap$HashIterator
Event: 4192.916 Loading class java/util/WeakHashMap$HashIterator done
Event: 4192.916 Loading class java/util/WeakHashMap$KeyIterator done
Event: 4193.925 Loading class sun/awt/AppContext$PostShutdownEventRunnable
Event: 4193.925 Loading class sun/awt/AppContext$PostShutdownEventRunnable done
Event: 4193.925 Loading class sun/awt/AWTAutoShutdown$1
Event: 4193.926 Loading class sun/awt/AWTAutoShutdown$1 done
Event: 28587.920 Loading class java/util/ArrayList$ListItr
Event: 28587.921 Loading class java/util/ArrayList$ListItr done

Classes unloaded (0 events):
No events

Classes redefined (0 events):
No events

Internal exceptions (4 events):
Event: 0.513 Thread 0x000001b749339280 Exception <a 'java/lang/ClassNotFoundException'{0x0000000710daca60}: sun/awt/resources/spi/awtProvider> (0x0000000710daca60) 
thrown [s\src\hotspot\share\classfile\systemDictionary.cpp, line 312]
Event: 0.535 Thread 0x000001b749339280 Exception <a 'java/io/FileNotFoundException'{0x0000000710a0ffc8}> (0x0000000710a0ffc8) 
thrown [s\src\hotspot\share\prims\jni.cpp, line 520]
Event: 0.539 Thread 0x000001b749339280 Exception <a 'java/io/FileNotFoundException'{0x0000000710a3a870}> (0x0000000710a3a870) 
thrown [s\src\hotspot\share\prims\jni.cpp, line 520]
Event: 5.280 Thread 0x000001b76f0114f0 Exception <a 'java/lang/NoSuchMethodError'{0x00000007109f0300}: 'void java.lang.invoke.DirectMethodHandle$Holder.invokeStatic(java.lang.Object, java.lang.Object)'> (0x00000007109f0300) 
thrown [s\src\hotspot\share\interpreter\linkResolver.cpp, line 773]

ZGC Phase Switch (0 events):
No events

VM Operations (20 events):
Event: 18820.897 Executing VM operation: HandshakeAllThreads (HandshakeForDeflation)
Event: 18820.897 Executing VM operation: HandshakeAllThreads (HandshakeForDeflation) done
Event: 18820.897 Executing VM operation: RendezvousGCThreads
Event: 18820.897 Executing VM operation: RendezvousGCThreads done
Event: 19722.545 Executing VM operation: HandshakeAllThreads (HandshakeForDeflation)
Event: 19722.545 Executing VM operation: HandshakeAllThreads (HandshakeForDeflation) done
Event: 19722.545 Executing VM operation: RendezvousGCThreads
Event: 19722.545 Executing VM operation: RendezvousGCThreads done
Event: 28200.651 Executing VM operation: HandshakeAllThreads (HandshakeForDeflation)
Event: 28200.651 Executing VM operation: HandshakeAllThreads (HandshakeForDeflation) done
Event: 28200.651 Executing VM operation: RendezvousGCThreads
Event: 28200.651 Executing VM operation: RendezvousGCThreads done
Event: 28260.714 Executing VM operation: HandshakeAllThreads (HandshakeForDeflation)
Event: 28260.715 Executing VM operation: HandshakeAllThreads (HandshakeForDeflation) done
Event: 28260.715 Executing VM operation: RendezvousGCThreads
Event: 28260.715 Executing VM operation: RendezvousGCThreads done
Event: 28561.311 Executing VM operation: HandshakeAllThreads (HandshakeForDeflation)
Event: 28561.311 Executing VM operation: HandshakeAllThreads (HandshakeForDeflation) done
Event: 28561.311 Executing VM operation: RendezvousGCThreads
Event: 28561.311 Executing VM operation: RendezvousGCThreads done

Memory protections (0 events):
No events

Nmethod flushes (0 events):
No events

Events (20 events):
Event: 17943.420 Thread 0x000001b76f012210 Thread exited: 0x000001b76f012210
Event: 17943.420 Thread 0x000001b770eb3630 Thread exited: 0x000001b770eb3630
Event: 18790.295 Thread 0x000001b76f013c50 Thread added: 0x000001b76f012210
Event: 18790.310 Thread 0x000001b76f013c50 Thread added: 0x000001b770eb0ed0
Event: 18791.443 Thread 0x000001b76f012210 Thread exited: 0x000001b76f012210
Event: 18791.443 Thread 0x000001b770eb0ed0 Thread exited: 0x000001b770eb0ed0
Event: 18800.179 Thread 0x000001b76f013c50 Thread added: 0x000001b76f012210
Event: 18800.194 Thread 0x000001b76f013c50 Thread added: 0x000001b770eb1bf0
Event: 18801.294 Thread 0x000001b76f012210 Thread exited: 0x000001b76f012210
Event: 18801.294 Thread 0x000001b770eb1bf0 Thread exited: 0x000001b770eb1bf0
Event: 19688.235 Thread 0x000001b76f013c50 Thread added: 0x000001b76f012210
Event: 19689.776 Thread 0x000001b76f012210 Thread exited: 0x000001b76f012210
Event: 28149.937 Thread 0x000001b76f013c50 Thread added: 0x000001b76f012210
Event: 28150.979 Thread 0x000001b76f012210 Thread exited: 0x000001b76f012210
Event: 28213.306 Thread 0x000001b76f013c50 Thread added: 0x000001b76f012210
Event: 28214.321 Thread 0x000001b76f012210 Thread exited: 0x000001b76f012210
Event: 28534.930 Thread 0x000001b76f013c50 Thread added: 0x000001b76f012210
Event: 28535.951 Thread 0x000001b76f012210 Thread exited: 0x000001b76f012210
Event: 28586.690 Thread 0x000001b76f013c50 Thread added: 0x000001b76f012210
Event: 28587.111 Thread 0x000001b76f013c50 Thread added: 0x000001b7708ac330


Dynamic libraries:
0x00007ff799620000 - 0x00007ff79962e000 	C:\Program Files\BlueJ\jdk\bin\java.exe
0x00007ff9f5b00000 - 0x00007ff9f5d63000 	C:\WINDOWS\SYSTEM32\ntdll.dll
0x00007ff9f4b00000 - 0x00007ff9f4bc7000 	C:\WINDOWS\System32\KERNEL32.DLL
0x00007ff9f3030000 - 0x00007ff9f33e0000 	C:\WINDOWS\System32\KERNELBASE.dll
0x00007ff9f3790000 - 0x00007ff9f38db000 	C:\WINDOWS\System32\ucrtbase.dll
0x00007ff9edfb0000 - 0x00007ff9edfc8000 	C:\Program Files\BlueJ\jdk\bin\jli.dll
0x00007ff9df240000 - 0x00007ff9df25b000 	C:\Program Files\BlueJ\jdk\bin\VCRUNTIME140.dll
0x00007ff9f58f0000 - 0x00007ff9f5ab3000 	C:\WINDOWS\System32\USER32.dll
0x00007ff9f33f0000 - 0x00007ff9f3417000 	C:\WINDOWS\System32\win32u.dll
0x00007ff9de670000 - 0x00007ff9de900000 	C:\WINDOWS\WinSxS\amd64_microsoft.windows.common-controls_6595b64144ccf1df_6.0.26100.1882_none_3e0e949ae32eca40\COMCTL32.dll
0x00007ff9f4c80000 - 0x00007ff9f4caa000 	C:\WINDOWS\System32\GDI32.dll
0x00007ff9f49a0000 - 0x00007ff9f4a49000 	C:\WINDOWS\System32\msvcrt.dll
0x00007ff9f2f00000 - 0x00007ff9f3023000 	C:\WINDOWS\System32\gdi32full.dll
0x00007ff9f3620000 - 0x00007ff9f36c3000 	C:\WINDOWS\System32\msvcp_win.dll
0x00007ff9f3bd0000 - 0x00007ff9f3bff000 	C:\WINDOWS\System32\IMM32.DLL
0x00007ff9f00c0000 - 0x00007ff9f00cc000 	C:\Program Files\BlueJ\jdk\bin\vcruntime140_1.dll
0x00007ff9c6360000 - 0x00007ff9c63ee000 	C:\Program Files\BlueJ\jdk\bin\msvcp140.dll
0x00007ff9bfb50000 - 0x00007ff9c08d8000 	C:\Program Files\BlueJ\jdk\bin\server\jvm.dll
0x00007ff9f4ec0000 - 0x00007ff9f4f74000 	C:\WINDOWS\System32\ADVAPI32.dll
0x00007ff9f4a50000 - 0x00007ff9f4af6000 	C:\WINDOWS\System32\sechost.dll
0x00007ff9f4500000 - 0x00007ff9f4616000 	C:\WINDOWS\System32\RPCRT4.dll
0x00007ff9f5120000 - 0x00007ff9f5194000 	C:\WINDOWS\System32\WS2_32.dll
0x00007ff9f2da0000 - 0x00007ff9f2dee000 	C:\WINDOWS\SYSTEM32\POWRPROF.dll
0x00007ff9e8050000 - 0x00007ff9e8086000 	C:\WINDOWS\SYSTEM32\WINMM.dll
0x00007ff9e5c50000 - 0x00007ff9e5c5b000 	C:\WINDOWS\SYSTEM32\VERSION.dll
0x00007ff9f2d80000 - 0x00007ff9f2d94000 	C:\WINDOWS\SYSTEM32\UMPDC.dll
0x00007ff9f1d60000 - 0x00007ff9f1d7a000 	C:\WINDOWS\SYSTEM32\kernel.appcore.dll
0x00007ff9edf40000 - 0x00007ff9edf4a000 	C:\Program Files\BlueJ\jdk\bin\jimage.dll
0x00007ff9e5d70000 - 0x00007ff9e5fb1000 	C:\WINDOWS\SYSTEM32\DBGHELP.DLL
0x00007ff9f4620000 - 0x00007ff9f499c000 	C:\WINDOWS\System32\combase.dll
0x00007ff9f51a0000 - 0x00007ff9f5276000 	C:\WINDOWS\System32\OLEAUT32.dll
0x00007ff9dfb30000 - 0x00007ff9dfb69000 	C:\WINDOWS\SYSTEM32\dbgcore.DLL
0x00007ff9f38e0000 - 0x00007ff9f3979000 	C:\WINDOWS\System32\bcryptPrimitives.dll
0x00007ff9c2830000 - 0x00007ff9c286c000 	C:\Program Files\BlueJ\jdk\bin\jdwp.dll
0x00007ff9d9b70000 - 0x00007ff9d9b8f000 	C:\Program Files\BlueJ\jdk\bin\java.dll
0x00007ff9f3c10000 - 0x00007ff9f4308000 	C:\WINDOWS\System32\SHELL32.dll
0x00007ff9f0ce0000 - 0x00007ff9f150a000 	C:\WINDOWS\SYSTEM32\windows.storage.dll
0x00007ff9f4dc0000 - 0x00007ff9f4e93000 	C:\WINDOWS\System32\SHCORE.dll
0x00007ff9f4310000 - 0x00007ff9f436d000 	C:\WINDOWS\System32\shlwapi.dll
0x00007ff9f2e20000 - 0x00007ff9f2e49000 	C:\WINDOWS\SYSTEM32\profapi.dll
0x00007ff9c2100000 - 0x00007ff9c21d7000 	C:\Program Files\BlueJ\jdk\bin\jsvml.dll
0x00007ff9d30e0000 - 0x00007ff9d30eb000 	C:\Program Files\BlueJ\jdk\bin\dt_shmem.dll
0x00007ff9e7cf0000 - 0x00007ff9e7d00000 	C:\Program Files\BlueJ\jdk\bin\net.dll
0x00007ff9e7f20000 - 0x00007ff9e8046000 	C:\WINDOWS\SYSTEM32\WINHTTP.dll
0x00007ff9f2260000 - 0x00007ff9f22c8000 	C:\WINDOWS\system32\mswsock.dll
0x00007ff9d9ab0000 - 0x00007ff9d9ac6000 	C:\Program Files\BlueJ\jdk\bin\nio.dll
0x00007ff9d8840000 - 0x00007ff9d8858000 	C:\Program Files\BlueJ\jdk\bin\zip.dll
0x00007ff9c1d10000 - 0x00007ff9c1e9e000 	C:\Program Files\BlueJ\jdk\bin\awt.dll
0x00007ff9efe00000 - 0x00007ff9efe9c000 	C:\WINDOWS\SYSTEM32\apphelp.dll
0x00007ff9f03a0000 - 0x00007ff9f044d000 	C:\WINDOWS\system32\uxtheme.dll
0x00007ff9f3980000 - 0x00007ff9f3adb000 	C:\WINDOWS\System32\MSCTF.dll
0x00007ff9f4f80000 - 0x00007ff9f5119000 	C:\WINDOWS\System32\ole32.dll
0x00007ff9f0680000 - 0x00007ff9f06ae000 	C:\WINDOWS\system32\DWMAPI.DLL
0x00007ff9b47b0000 - 0x00007ff9b48bc000 	C:\WINDOWS\system32\opengl32.dll
0x00007ff9bc860000 - 0x00007ff9bc88d000 	C:\WINDOWS\SYSTEM32\GLU32.dll
0x00007ff9f0480000 - 0x00007ff9f04c0000 	C:\WINDOWS\SYSTEM32\dxcore.dll
0x00007ff949970000 - 0x00007ff94d31e000 	C:\Windows\System32\DriverStore\FileRepository\u0407465.inf_amd64_25af0ae2eb807985\B407987\AMDXN64.DLL
0x00007ff9f5280000 - 0x00007ff9f5705000 	C:\WINDOWS\System32\SETUPAPI.dll
0x00007ff9f0530000 - 0x00007ff9f0651000 	C:\WINDOWS\SYSTEM32\dxgi.dll
0x00007ff9f04d0000 - 0x00007ff9f0527000 	C:\WINDOWS\SYSTEM32\directxdatabasehelper.dll
0x00007ff9f2a70000 - 0x00007ff9f2acf000 	C:\WINDOWS\SYSTEM32\cfgmgr32.dll
0x00007ff9f2740000 - 0x00007ff9f2766000 	C:\WINDOWS\SYSTEM32\BCrypt.dll
0x00007ff9e75d0000 - 0x00007ff9e7609000 	C:\Windows\System32\DriverStore\FileRepository\u0407465.inf_amd64_25af0ae2eb807985\B407987\amdihk64.dll

dbghelp: loaded successfully - version: 4.0.5 - missing functions: none
symbol engine: initialized successfully - sym options: 0x614 - pdb path: .;C:\Program Files\BlueJ\jdk\bin;C:\WINDOWS\SYSTEM32;C:\WINDOWS\WinSxS\amd64_microsoft.windows.common-controls_6595b64144ccf1df_6.0.26100.1882_none_3e0e949ae32eca40;C:\Program Files\BlueJ\jdk\bin\server;C:\Windows\System32\DriverStore\FileRepository\u0407465.inf_amd64_25af0ae2eb807985\B407987

VM Arguments:
jvm_args: -ea -agentlib:jdwp=transport=dt_shmem,address=javadebug -Dfile.encoding=UTF-8 
java_command: bluej.runtime.ExecServer UTF-8
java_class_path (initial): C:\Program Files\BlueJ\lib\bluejcore.jar;C:\Program Files\BlueJ\lib\javafx-base-21.0.3-win.jar;C:\Program Files\BlueJ\lib\javafx-controls-21.0.3-win.jar;C:\Program Files\BlueJ\lib\javafx-fxml-21.0.3-win.jar;C:\Program Files\BlueJ\lib\javafx-graphics-21.0.3-win.jar;C:\Program Files\BlueJ\lib\javafx-media-21.0.3-win.jar;C:\Program Files\BlueJ\lib\javafx-swing-21.0.3-win.jar;C:\Program Files\BlueJ\lib\javafx-web-21.0.3-win.jar;C:\Program Files\BlueJ\lib\junit-4.12.jar;C:\Program Files\BlueJ\lib\junit-jupiter-5.5.2.jar;C:\Program Files\BlueJ\lib\junit-jupiter-api-5.5.2.jar;C:\Program Files\BlueJ\lib\junit-jupiter-engine-5.5.2.jar;C:\Program Files\BlueJ\lib\junit-jupiter-params-5.5.2.jar;C:\Program Files\BlueJ\lib\junit-platform-commons-1.5.2.jar;C:\Program Files\BlueJ\lib\junit-platform-engine-1.5.2.jar;C:\Program Files\BlueJ\lib\junit-platform-launcher-1.5.2.jar;C:\Program Files\BlueJ\lib\junit-platform-suite-api-1.5.2.jar;C:\Program Files\BlueJ\lib\junit-vintage-engine-5.5.2.jar;C:\Program Files\BlueJ\lib\hamcrest-core-1.3.jar;C:\Program Files\BlueJ\lib\opentest4j-1.2.0.jar;C:\Program Files\BlueJ\lib\lang-stride.jar;C:\Program Files\BlueJ\lib\javafx\javafx.base.jar;C:\Program Files\BlueJ\lib\javafx\javafx.controls.jar;C:\Program Files\BlueJ\lib\javafx\javafx.fxml.jar;C:\Program Files\BlueJ\lib\javafx\javafx.graphics.jar;C:\Program Files\BlueJ\lib\javafx\javafx.media.jar;C:\Program Files\BlueJ\lib\javafx\javafx.properties.jar;C:\Program Files\BlueJ\lib\javafx\javafx.swing.jar;C:\Program Files\BlueJ\lib\javafx\javafx.web.jar
Launcher Type: SUN_STANDARD

[Global flags]
     intx CICompilerCount                          = 4                                         {product} {ergonomic}
     uint ConcGCThreads                            = 3                                         {product} {ergonomic}
     uint G1ConcRefinementThreads                  = 10                                        {product} {ergonomic}
   size_t G1HeapRegionSize                         = 2097152                                   {product} {ergonomic}
    uintx GCDrainStackTargetSize                   = 64                                        {product} {ergonomic}
   size_t InitialHeapSize                          = 268435456                                 {product} {ergonomic}
   size_t MarkStackSize                            = 4194304                                   {product} {ergonomic}
   size_t MaxHeapSize                              = 4278190080                                {product} {ergonomic}
   size_t MaxNewSize                               = 2566914048                                {product} {ergonomic}
   size_t MinHeapDeltaBytes                        = 2097152                                   {product} {ergonomic}
   size_t MinHeapSize                              = 8388608                                   {product} {ergonomic}
    uintx NonNMethodCodeHeapSize                   = 5839372                                {pd product} {ergonomic}
    uintx NonProfiledCodeHeapSize                  = 122909434                              {pd product} {ergonomic}
    uintx ProfiledCodeHeapSize                     = 122909434                              {pd product} {ergonomic}
    uintx ReservedCodeCacheSize                    = 251658240                              {pd product} {ergonomic}
     bool SegmentedCodeCache                       = true                                      {product} {ergonomic}
   size_t SoftMaxHeapSize                          = 4278190080                             {manageable} {ergonomic}
     bool UseCompressedOops                        = true                           {product lp64_product} {ergonomic}
     bool UseG1GC                                  = true                                      {product} {ergonomic}
     bool UseLargePagesIndividualAllocation        = false                                  {pd product} {ergonomic}

Logging:
Log output configuration:
 #0: stdout all=warning uptime,level,tags foldmultilines=false
 #1: stderr all=off uptime,level,tags foldmultilines=false

Environment Variables:
PATH=C:\WINDOWS\system32;C:\WINDOWS;C:\WINDOWS\System32\Wbem;C:\WINDOWS\System32\WindowsPowerShell\v1.0\;C:\WINDOWS\System32\OpenSSH\;C:\Program Files\Git\cmd;C:\Program Files\dotnet\;C:\Program Files\nodejs\;C:\Program Files\Microsoft SQL Server\150\Tools\Binn\;C:\Program Files\Microsoft SQL Server\Client SDK\ODBC\170\Tools\Binn\;C:\Program Files\MySQL\MySQL Shell 8.0\bin\;C:\Users\arthu\AppData\Local\Microsoft\WindowsApps;C:\Users\arthu\AppData\Local\Programs\Microsoft VS Code\bin;C:\Users\arthu\.dotnet\tools;C:\Users\arthu\AppData\Local\GitHubDesktop\bin;C:\Users\arthu\AppData\Roaming\npm;
USERNAME=arthu
OS=Windows_NT
PROCESSOR_IDENTIFIER=AMD64 Family 23 Model 113 Stepping 0, AuthenticAMD
TMP=C:\Users\arthu\AppData\Local\Temp
TEMP=C:\Users\arthu\AppData\Local\Temp




Periodic native trim disabled

---------------  S Y S T E M  ---------------

OS:
 Windows 11 , 64 bit Build 26100 (10.0.26100.1882)
OS uptime: 0 days 11:51 hours

CPU: total 12 (initial active 12) (12 cores per cpu, 2 threads per core) family 23 model 113 stepping 0 microcode 0x8701021, cx8, cmov, fxsr, ht, mmx, 3dnowpref, sse, sse2, sse3, ssse3, sse4a, sse4.1, sse4.2, popcnt, lzcnt, tsc, tscinvbit, avx, avx2, aes, clmul, bmi1, bmi2, adx, sha, fma, vzeroupper, clflush, clflushopt, rdtscp, rdpid, f16c
Processor Information for all 12 processors :
  Max Mhz: 3593, Current Mhz: 3593, Mhz Limit: 3593

Memory: 4k page, system-wide physical 16315M (6724M free)
TotalPageFile size 24507M (AvailPageFile size 10563M)
current process WorkingSet (physical memory assigned to process): 40M, peak: 90M
current process commit charge ("private bytes"): 376M, peak: 399M

vm_info: OpenJDK 64-Bit Server VM (21.0.4+7-LTS) for windows-amd64 JRE (21.0.4+7-LTS), built on 2024-07-16T00:00:00Z by "admin" with MS VC++ 17.7 (VS2022)

END.
